<?xml version="1.0" encoding="UTF-8"?>
<testsuite xmlns:xsi="http://www.w3.org/2001/XMLSchema-instance" xsi:noNamespaceSchemaLocation="https://maven.apache.org/surefire/maven-surefire-plugin/xsd/surefire-test-report.xsd" name="TestSuite" time="0.582" tests="1" errors="0" skipped="0" failures="1">
  <properties>
    <property name="sun.desktop" value="windows"/>
    <property name="awt.toolkit" value="sun.awt.windows.WToolkit"/>
    <property name="file.encoding.pkg" value="sun.io"/>
    <property name="java.specification.version" value="1.8"/>
    <property name="sun.cpu.isalist" value="amd64"/>
    <property name="sun.jnu.encoding" value="Cp1252"/>
    <property name="java.class.path" value="C:\Users\ShadabM\eclipse-workspace\Smarthome\target\test-classes;C:\Users\ShadabM\eclipse-workspace\Smarthome\target\classes;C:\Users\ShadabM\.m2\repository\junit\junit\3.8.1\junit-3.8.1.jar;C:\Users\ShadabM\.m2\repository\com\experitest\seetest-client\11.0\seetest-client-11.0.jar;C:\Users\ShadabM\.m2\repository\com\experitest\boon\0.33\boon-0.33.jar;C:\Users\ShadabM\.m2\repository\com\experitest\commons-codec\1.9\commons-codec-1.9.jar;C:\Users\ShadabM\.m2\repository\com\experitest\commons-io\2.4\commons-io-2.4.jar;C:\Users\ShadabM\.m2\repository\com\experitest\commons-logging\1.2\commons-logging-1.2.jar;C:\Users\ShadabM\.m2\repository\com\experitest\hamcrest-core\1.3\hamcrest-core-1.3.jar;C:\Users\ShadabM\.m2\repository\com\experitest\httpclient\4.5.2\httpclient-4.5.2.jar;C:\Users\ShadabM\.m2\repository\com\experitest\httpcore\4.4.4\httpcore-4.4.4.jar;C:\Users\ShadabM\.m2\repository\com\experitest\httpmime\4.5.2\httpmime-4.5.2.jar;C:\Users\ShadabM\.m2\repository\com\experitest\junit\4.12\junit-4.12.jar;C:\Users\ShadabM\.m2\repository\com\experitest\manager-client\11.0\manager-client-11.0.jar;C:\Users\ShadabM\.m2\repository\com\experitest\manager-client-api\11.0\manager-client-api-11.0.jar;C:\Users\ShadabM\.m2\repository\com\experitest\manager-client-standalone-without-unittest\11.0\manager-client-standalone-without-unittest-11.0.jar;C:\Users\ShadabM\.m2\repository\com\experitest\mobile-webdriver\10.4\mobile-webdriver-10.4.jar;C:\Users\ShadabM\.m2\repository\com\experitest\selenium-api\2.42.2\selenium-api-2.42.2.jar;C:\Users\ShadabM\.m2\repository\com\experitest\selenium-support\2.44.0\selenium-support-2.44.0.jar;C:\Users\ShadabM\.m2\repository\com\experitest\ws-commons-util\1.0.2\ws-commons-util-1.0.2.jar;C:\Users\ShadabM\.m2\repository\com\experitest\xmlrpc-client\3.1.2\xmlrpc-client-3.1.2.jar;C:\Users\ShadabM\.m2\repository\com\experitest\xmlrpc-common\3.1.2\xmlrpc-common-3.1.2.jar;C:\Users\ShadabM\.m2\repository\org\seleniumhq\selenium\selenium-java\3.12.0\selenium-java-3.12.0.jar;C:\Users\ShadabM\.m2\repository\org\seleniumhq\selenium\selenium-api\3.12.0\selenium-api-3.12.0.jar;C:\Users\ShadabM\.m2\repository\org\seleniumhq\selenium\selenium-chrome-driver\3.12.0\selenium-chrome-driver-3.12.0.jar;C:\Users\ShadabM\.m2\repository\org\seleniumhq\selenium\selenium-edge-driver\3.12.0\selenium-edge-driver-3.12.0.jar;C:\Users\ShadabM\.m2\repository\org\seleniumhq\selenium\selenium-firefox-driver\3.12.0\selenium-firefox-driver-3.12.0.jar;C:\Users\ShadabM\.m2\repository\org\seleniumhq\selenium\selenium-ie-driver\3.12.0\selenium-ie-driver-3.12.0.jar;C:\Users\ShadabM\.m2\repository\org\seleniumhq\selenium\selenium-opera-driver\3.12.0\selenium-opera-driver-3.12.0.jar;C:\Users\ShadabM\.m2\repository\org\seleniumhq\selenium\selenium-remote-driver\3.12.0\selenium-remote-driver-3.12.0.jar;C:\Users\ShadabM\.m2\repository\org\seleniumhq\selenium\selenium-safari-driver\3.12.0\selenium-safari-driver-3.12.0.jar;C:\Users\ShadabM\.m2\repository\org\seleniumhq\selenium\selenium-support\3.12.0\selenium-support-3.12.0.jar;C:\Users\ShadabM\.m2\repository\net\bytebuddy\byte-buddy\1.8.3\byte-buddy-1.8.3.jar;C:\Users\ShadabM\.m2\repository\org\apache\commons\commons-exec\1.3\commons-exec-1.3.jar;C:\Users\ShadabM\.m2\repository\commons-codec\commons-codec\1.10\commons-codec-1.10.jar;C:\Users\ShadabM\.m2\repository\commons-logging\commons-logging\1.2\commons-logging-1.2.jar;C:\Users\ShadabM\.m2\repository\com\google\code\gson\gson\2.8.2\gson-2.8.2.jar;C:\Users\ShadabM\.m2\repository\com\google\guava\guava\23.6-jre\guava-23.6-jre.jar;C:\Users\ShadabM\.m2\repository\com\google\code\findbugs\jsr305\1.3.9\jsr305-1.3.9.jar;C:\Users\ShadabM\.m2\repository\org\checkerframework\checker-compat-qual\2.0.0\checker-compat-qual-2.0.0.jar;C:\Users\ShadabM\.m2\repository\com\google\errorprone\error_prone_annotations\2.1.3\error_prone_annotations-2.1.3.jar;C:\Users\ShadabM\.m2\repository\com\google\j2objc\j2objc-annotations\1.1\j2objc-annotations-1.1.jar;C:\Users\ShadabM\.m2\repository\org\codehaus\mojo\animal-sniffer-annotations\1.14\animal-sniffer-annotations-1.14.jar;C:\Users\ShadabM\.m2\repository\org\apache\httpcomponents\httpclient\4.5.3\httpclient-4.5.3.jar;C:\Users\ShadabM\.m2\repository\org\apache\httpcomponents\httpcore\4.4.6\httpcore-4.4.6.jar;C:\Users\ShadabM\.m2\repository\com\squareup\okhttp3\okhttp\3.9.1\okhttp-3.9.1.jar;C:\Users\ShadabM\.m2\repository\com\squareup\okio\okio\1.13.0\okio-1.13.0.jar;C:\Users\ShadabM\.m2\repository\org\testng\testng\6.14.3\testng-6.14.3.jar;C:\Users\ShadabM\.m2\repository\com\beust\jcommander\1.72\jcommander-1.72.jar;C:\Users\ShadabM\.m2\repository\org\apache-extras\beanshell\bsh\2.0b6\bsh-2.0b6.jar;C:\Users\ShadabM\.m2\repository\org\apache\poi\poi\3.17\poi-3.17.jar;C:\Users\ShadabM\.m2\repository\org\apache\commons\commons-collections4\4.1\commons-collections4-4.1.jar;C:\Users\ShadabM\.m2\repository\org\apache\poi\poi-ooxml\3.17\poi-ooxml-3.17.jar;C:\Users\ShadabM\.m2\repository\org\apache\poi\poi-ooxml-schemas\3.17\poi-ooxml-schemas-3.17.jar;C:\Users\ShadabM\.m2\repository\org\apache\xmlbeans\xmlbeans\2.6.0\xmlbeans-2.6.0.jar;C:\Users\ShadabM\.m2\repository\stax\stax-api\1.0.1\stax-api-1.0.1.jar;C:\Users\ShadabM\.m2\repository\com\github\virtuald\curvesapi\1.04\curvesapi-1.04.jar;C:\Users\ShadabM\.m2\repository\com\relevantcodes\extentreports\2.41.2\extentreports-2.41.2.jar;C:\Users\ShadabM\.m2\repository\org\jsoup\jsoup\1.8.3\jsoup-1.8.3.jar;C:\Users\ShadabM\.m2\repository\org\xerial\sqlite-jdbc\3.8.11.1\sqlite-jdbc-3.8.11.1.jar;C:\Users\ShadabM\.m2\repository\org\freemarker\freemarker\2.3.23\freemarker-2.3.23.jar;C:\Users\ShadabM\.m2\repository\org\mongodb\mongodb-driver\3.0.4\mongodb-driver-3.0.4.jar;C:\Users\ShadabM\.m2\repository\org\mongodb\bson\3.0.4\bson-3.0.4.jar;C:\Users\ShadabM\.m2\repository\org\mongodb\mongodb-driver-core\3.0.4\mongodb-driver-core-3.0.4.jar;C:\Users\ShadabM\.m2\repository\net\sourceforge\jexcelapi\jxl\2.6\jxl-2.6.jar;C:\Users\ShadabM\.m2\repository\org\apache\maven\surefire\surefire-testng-utils\2.21.0\surefire-testng-utils-2.21.0.jar;C:\Users\ShadabM\.m2\repository\org\apache\maven\surefire\surefire-grouper\2.21.0\surefire-grouper-2.21.0.jar;"/>
    <property name="java.vm.vendor" value="Oracle Corporation"/>
    <property name="sun.arch.data.model" value="64"/>
    <property name="user.variant" value=""/>
    <property name="java.vendor.url" value="http://java.oracle.com/"/>
    <property name="user.timezone" value=""/>
    <property name="java.vm.specification.version" value="1.8"/>
    <property name="os.name" value="Windows 10"/>
    <property name="user.country" value="GB"/>
    <property name="sun.java.launcher" value="SUN_STANDARD"/>
    <property name="sun.boot.library.path" value="C:\Program Files\Java\jdk1.8.0_131\jre\bin"/>
    <property name="sun.java.command" value="C:\Users\ShadabM\AppData\Local\Temp\surefire4688835628936835788\surefirebooter8292486751311308396.jar C:\Users\ShadabM\AppData\Local\Temp\surefire4688835628936835788 2018-09-02T15-20-48_491-jvmRun1 surefire3172995210403635653tmp surefire_03571164284097415970tmp"/>
    <property name="surefire.test.class.path" value="C:\Users\ShadabM\eclipse-workspace\Smarthome\target\test-classes;C:\Users\ShadabM\eclipse-workspace\Smarthome\target\classes;C:\Users\ShadabM\.m2\repository\junit\junit\3.8.1\junit-3.8.1.jar;C:\Users\ShadabM\.m2\repository\com\experitest\seetest-client\11.0\seetest-client-11.0.jar;C:\Users\ShadabM\.m2\repository\com\experitest\boon\0.33\boon-0.33.jar;C:\Users\ShadabM\.m2\repository\com\experitest\commons-codec\1.9\commons-codec-1.9.jar;C:\Users\ShadabM\.m2\repository\com\experitest\commons-io\2.4\commons-io-2.4.jar;C:\Users\ShadabM\.m2\repository\com\experitest\commons-logging\1.2\commons-logging-1.2.jar;C:\Users\ShadabM\.m2\repository\com\experitest\hamcrest-core\1.3\hamcrest-core-1.3.jar;C:\Users\ShadabM\.m2\repository\com\experitest\httpclient\4.5.2\httpclient-4.5.2.jar;C:\Users\ShadabM\.m2\repository\com\experitest\httpcore\4.4.4\httpcore-4.4.4.jar;C:\Users\ShadabM\.m2\repository\com\experitest\httpmime\4.5.2\httpmime-4.5.2.jar;C:\Users\ShadabM\.m2\repository\com\experitest\junit\4.12\junit-4.12.jar;C:\Users\ShadabM\.m2\repository\com\experitest\manager-client\11.0\manager-client-11.0.jar;C:\Users\ShadabM\.m2\repository\com\experitest\manager-client-api\11.0\manager-client-api-11.0.jar;C:\Users\ShadabM\.m2\repository\com\experitest\manager-client-standalone-without-unittest\11.0\manager-client-standalone-without-unittest-11.0.jar;C:\Users\ShadabM\.m2\repository\com\experitest\mobile-webdriver\10.4\mobile-webdriver-10.4.jar;C:\Users\ShadabM\.m2\repository\com\experitest\selenium-api\2.42.2\selenium-api-2.42.2.jar;C:\Users\ShadabM\.m2\repository\com\experitest\selenium-support\2.44.0\selenium-support-2.44.0.jar;C:\Users\ShadabM\.m2\repository\com\experitest\ws-commons-util\1.0.2\ws-commons-util-1.0.2.jar;C:\Users\ShadabM\.m2\repository\com\experitest\xmlrpc-client\3.1.2\xmlrpc-client-3.1.2.jar;C:\Users\ShadabM\.m2\repository\com\experitest\xmlrpc-common\3.1.2\xmlrpc-common-3.1.2.jar;C:\Users\ShadabM\.m2\repository\org\seleniumhq\selenium\selenium-java\3.12.0\selenium-java-3.12.0.jar;C:\Users\ShadabM\.m2\repository\org\seleniumhq\selenium\selenium-api\3.12.0\selenium-api-3.12.0.jar;C:\Users\ShadabM\.m2\repository\org\seleniumhq\selenium\selenium-chrome-driver\3.12.0\selenium-chrome-driver-3.12.0.jar;C:\Users\ShadabM\.m2\repository\org\seleniumhq\selenium\selenium-edge-driver\3.12.0\selenium-edge-driver-3.12.0.jar;C:\Users\ShadabM\.m2\repository\org\seleniumhq\selenium\selenium-firefox-driver\3.12.0\selenium-firefox-driver-3.12.0.jar;C:\Users\ShadabM\.m2\repository\org\seleniumhq\selenium\selenium-ie-driver\3.12.0\selenium-ie-driver-3.12.0.jar;C:\Users\ShadabM\.m2\repository\org\seleniumhq\selenium\selenium-opera-driver\3.12.0\selenium-opera-driver-3.12.0.jar;C:\Users\ShadabM\.m2\repository\org\seleniumhq\selenium\selenium-remote-driver\3.12.0\selenium-remote-driver-3.12.0.jar;C:\Users\ShadabM\.m2\repository\org\seleniumhq\selenium\selenium-safari-driver\3.12.0\selenium-safari-driver-3.12.0.jar;C:\Users\ShadabM\.m2\repository\org\seleniumhq\selenium\selenium-support\3.12.0\selenium-support-3.12.0.jar;C:\Users\ShadabM\.m2\repository\net\bytebuddy\byte-buddy\1.8.3\byte-buddy-1.8.3.jar;C:\Users\ShadabM\.m2\repository\org\apache\commons\commons-exec\1.3\commons-exec-1.3.jar;C:\Users\ShadabM\.m2\repository\commons-codec\commons-codec\1.10\commons-codec-1.10.jar;C:\Users\ShadabM\.m2\repository\commons-logging\commons-logging\1.2\commons-logging-1.2.jar;C:\Users\ShadabM\.m2\repository\com\google\code\gson\gson\2.8.2\gson-2.8.2.jar;C:\Users\ShadabM\.m2\repository\com\google\guava\guava\23.6-jre\guava-23.6-jre.jar;C:\Users\ShadabM\.m2\repository\com\google\code\findbugs\jsr305\1.3.9\jsr305-1.3.9.jar;C:\Users\ShadabM\.m2\repository\org\checkerframework\checker-compat-qual\2.0.0\checker-compat-qual-2.0.0.jar;C:\Users\ShadabM\.m2\repository\com\google\errorprone\error_prone_annotations\2.1.3\error_prone_annotations-2.1.3.jar;C:\Users\ShadabM\.m2\repository\com\google\j2objc\j2objc-annotations\1.1\j2objc-annotations-1.1.jar;C:\Users\ShadabM\.m2\repository\org\codehaus\mojo\animal-sniffer-annotations\1.14\animal-sniffer-annotations-1.14.jar;C:\Users\ShadabM\.m2\repository\org\apache\httpcomponents\httpclient\4.5.3\httpclient-4.5.3.jar;C:\Users\ShadabM\.m2\repository\org\apache\httpcomponents\httpcore\4.4.6\httpcore-4.4.6.jar;C:\Users\ShadabM\.m2\repository\com\squareup\okhttp3\okhttp\3.9.1\okhttp-3.9.1.jar;C:\Users\ShadabM\.m2\repository\com\squareup\okio\okio\1.13.0\okio-1.13.0.jar;C:\Users\ShadabM\.m2\repository\org\testng\testng\6.14.3\testng-6.14.3.jar;C:\Users\ShadabM\.m2\repository\com\beust\jcommander\1.72\jcommander-1.72.jar;C:\Users\ShadabM\.m2\repository\org\apache-extras\beanshell\bsh\2.0b6\bsh-2.0b6.jar;C:\Users\ShadabM\.m2\repository\org\apache\poi\poi\3.17\poi-3.17.jar;C:\Users\ShadabM\.m2\repository\org\apache\commons\commons-collections4\4.1\commons-collections4-4.1.jar;C:\Users\ShadabM\.m2\repository\org\apache\poi\poi-ooxml\3.17\poi-ooxml-3.17.jar;C:\Users\ShadabM\.m2\repository\org\apache\poi\poi-ooxml-schemas\3.17\poi-ooxml-schemas-3.17.jar;C:\Users\ShadabM\.m2\repository\org\apache\xmlbeans\xmlbeans\2.6.0\xmlbeans-2.6.0.jar;C:\Users\ShadabM\.m2\repository\stax\stax-api\1.0.1\stax-api-1.0.1.jar;C:\Users\ShadabM\.m2\repository\com\github\virtuald\curvesapi\1.04\curvesapi-1.04.jar;C:\Users\ShadabM\.m2\repository\com\relevantcodes\extentreports\2.41.2\extentreports-2.41.2.jar;C:\Users\ShadabM\.m2\repository\org\jsoup\jsoup\1.8.3\jsoup-1.8.3.jar;C:\Users\ShadabM\.m2\repository\org\xerial\sqlite-jdbc\3.8.11.1\sqlite-jdbc-3.8.11.1.jar;C:\Users\ShadabM\.m2\repository\org\freemarker\freemarker\2.3.23\freemarker-2.3.23.jar;C:\Users\ShadabM\.m2\repository\org\mongodb\mongodb-driver\3.0.4\mongodb-driver-3.0.4.jar;C:\Users\ShadabM\.m2\repository\org\mongodb\bson\3.0.4\bson-3.0.4.jar;C:\Users\ShadabM\.m2\repository\org\mongodb\mongodb-driver-core\3.0.4\mongodb-driver-core-3.0.4.jar;C:\Users\ShadabM\.m2\repository\net\sourceforge\jexcelapi\jxl\2.6\jxl-2.6.jar;C:\Users\ShadabM\.m2\repository\org\apache\maven\surefire\surefire-testng-utils\2.21.0\surefire-testng-utils-2.21.0.jar;C:\Users\ShadabM\.m2\repository\org\apache\maven\surefire\surefire-grouper\2.21.0\surefire-grouper-2.21.0.jar;"/>
    <property name="sun.cpu.endian" value="little"/>
    <property name="user.home" value="C:\Users\ShadabM"/>
    <property name="user.language" value="en"/>
    <property name="java.specification.vendor" value="Oracle Corporation"/>
    <property name="java.home" value="C:\Program Files\Java\jdk1.8.0_131\jre"/>
    <property name="basedir" value="C:\Users\ShadabM\eclipse-workspace\Smarthome"/>
    <property name="file.separator" value="\"/>
    <property name="line.separator" value="&#10;"/>
    <property name="java.vm.specification.vendor" value="Oracle Corporation"/>
    <property name="java.specification.name" value="Java Platform API Specification"/>
    <property name="java.awt.graphicsenv" value="sun.awt.Win32GraphicsEnvironment"/>
    <property name="surefire.real.class.path" value="C:\Users\ShadabM\AppData\Local\Temp\surefire4688835628936835788\surefirebooter8292486751311308396.jar"/>
    <property name="sun.boot.class.path" value="C:\Program Files\Java\jdk1.8.0_131\jre\lib\resources.jar;C:\Program Files\Java\jdk1.8.0_131\jre\lib\rt.jar;C:\Program Files\Java\jdk1.8.0_131\jre\lib\sunrsasign.jar;C:\Program Files\Java\jdk1.8.0_131\jre\lib\jsse.jar;C:\Program Files\Java\jdk1.8.0_131\jre\lib\jce.jar;C:\Program Files\Java\jdk1.8.0_131\jre\lib\charsets.jar;C:\Program Files\Java\jdk1.8.0_131\jre\lib\jfr.jar;C:\Program Files\Java\jdk1.8.0_131\jre\classes"/>
    <property name="user.script" value=""/>
    <property name="sun.management.compiler" value="HotSpot 64-Bit Tiered Compilers"/>
    <property name="java.runtime.version" value="1.8.0_131-b11"/>
    <property name="user.name" value="ShadabM"/>
    <property name="path.separator" value=";"/>
    <property name="os.version" value="10.0"/>
    <property name="java.endorsed.dirs" value="C:\Program Files\Java\jdk1.8.0_131\jre\lib\endorsed"/>
    <property name="java.runtime.name" value="Java(TM) SE Runtime Environment"/>
    <property name="file.encoding" value="Cp1252"/>
    <property name="java.vm.name" value="Java HotSpot(TM) 64-Bit Server VM"/>
    <property name="localRepository" value="C:\Users\ShadabM\.m2\repository"/>
    <property name="java.vendor.url.bug" value="http://bugreport.sun.com/bugreport/"/>
    <property name="java.io.tmpdir" value="C:\Users\ShadabM\AppData\Local\Temp\"/>
    <property name="java.version" value="1.8.0_131"/>
    <property name="user.dir" value="C:\Users\ShadabM\eclipse-workspace\Smarthome"/>
    <property name="os.arch" value="amd64"/>
    <property name="java.vm.specification.name" value="Java Virtual Machine Specification"/>
    <property name="java.awt.printerjob" value="sun.awt.windows.WPrinterJob"/>
    <property name="sun.os.patch.level" value=""/>
    <property name="java.library.path" value="C:\Program Files\Java\jdk1.8.0_131\jre\bin;C:\WINDOWS\Sun\Java\bin;C:\WINDOWS\system32;C:\WINDOWS;C:\Users\ShadabM\.jenkins\tools\hudson.tasks.Maven_MavenInstallation\TestMaven/bin;C:\Program Files\Java\jdk1.8.0_131/bin;C:\Program Files\Java\jdk1.8.0_131/bin;C:\ProgramData\Oracle\Java\javapath;C:\WINDOWS\system32;C:\WINDOWS;C:\WINDOWS\System32\Wbem;C:\WINDOWS\System32\WindowsPowerShell\v1.0\;c:\Program Files (x86)\Enterprise Vault\EVClient\;c:\Program Files (x86)\Enterprise Vault\EVClient\x64\;C:\Program Files (x86)\MySQL\MySQL Utilities 1.6\;C:\Users\ShadabM\Documents\Office_Docs\Software\Maven\apache-maven-3.5.0\bin;C:\Users\ShadabM\AppData\Local\Android\Sdk\tools;C:\Users\ShadabM\AppData\Local\Android\Sdk\platform-tools;C:\Program Files\Git\cmd;C:\ITS\ITS_2.5.9\workstation;C:\Program Files\Java\jdk1.8.0_131;C:\Program Files\Java\jdk1.8.0_131\bin;C:\Users\ShadabM\AppData\Local\Microsoft\WindowsApps;;."/>
    <property name="java.vm.info" value="mixed mode"/>
    <property name="java.vendor" value="Oracle Corporation"/>
    <property name="java.vm.version" value="25.131-b11"/>
    <property name="java.ext.dirs" value="C:\Program Files\Java\jdk1.8.0_131\jre\lib\ext;C:\WINDOWS\Sun\Java\lib\ext"/>
    <property name="sun.io.unicode.encoding" value="UnicodeLittle"/>
    <property name="java.class.version" value="52.0"/>
  </properties>
  <testcase name="CheckFAQ" classname="com.tcs.Smarthome.Testcases.VApp_FAQ" time="0.022">
    <failure type="java.lang.NullPointerException">java.lang.NullPointerException
	at com.tcs.Smarthome.Testcases.VApp_FAQ.CheckFAQ(VApp_FAQ.java:13)
</failure>
    <system-out><![CDATA[adb:HTC U11
]]></system-out>
  </testcase>
</testsuite>